
X.Org X Server 1.21.1.4
X Protocol Version 11, Revision 0
Current Operating System: Linux zyserver 6.8.0-79-generic #79~22.04.1-Ubuntu SMP PREEMPT_DYNAMIC Fri Aug 15 16:54:53 UTC 2 x86_64
Kernel command line: BOOT_IMAGE=/boot/vmlinuz-6.8.0-79-generic root=UUID=66f113db-da62-4f9f-b8fb-f500ac972227 ro quiet splash vt.handoff=7
xorg-server 2:21.1.4-2ubuntu1.7~22.04.15 (For technical support please see http://www.ubuntu.com/support) 
Current version of pixman: 0.40.0
	Before reporting problems, check http://wiki.x.org
	to make sure that you have the latest version.
Markers: (--) probed, (**) from config file, (==) default setting,
	(++) from command line, (!!) notice, (II) informational,
	(WW) warning, (EE) error, (NI) not implemented, (??) unknown.
(==) Log file: "/var/log/Xorg.99.log", Time: Thu Apr 23 16:47:17 2026
(==) Using config file: "/etc/X11/xorg.conf"
(==) Using config directory: "/etc/X11/xorg.conf.d"
(==) Using system config directory "/usr/share/X11/xorg.conf.d"
(EE) 
Fatal server error:
(EE) Server is already active for display 99
	If this server is no longer running, remove /tmp/.X99-lock
	and start again.
(EE) 
(EE) 
Please consult the The X.Org Foundation support 
	 at http://wiki.x.org
 for help. 
(EE) 
(EE) 
Fatal server error:
(EE) Server is already active for display 99
	If this server is no longer running, remove /tmp/.X99-lock
	and start again.
(EE) 
(EE) 
Please consult the The X.Org Foundation support 
	 at http://wiki.x.org
 for help. 
(EE) 
